[C 11:46:19.341 LabApp] Bad config encountered during initialization:
[C 11:46:19.343 LabApp] The 'login_handler_class' trait of <jupyterlab.labapp.LabApp object at 0x7fc539c8bdf0> instance must be a type, but 'google.colab._login_handler.ColabLoginHandler' could not be imported
JupyterLab - An extensible computational environment for Jupyter.

This launches a Tornado based HTML Server that serves up an HTML5/Javascript
JupyterLab client.

JupyterLab has three different modes of running:

* Core mode (`--core-mode`): in this mode JupyterLab will run using the JavaScript
  assets contained in the installed `jupyterlab` Python package. In core mode, no
  extensions are enabled. This is the default in a stable JupyterLab release if you
  have no extensions installed.
* Dev mode (`--dev-mode`): uses the unpublished local JavaScript packages in the
  `dev_mode` folder.  In this case JupyterLab will show a red stripe at the top of
  the page.  It can only be used if JupyterLab is installed as `pip install -e .`.
* App mode: JupyterLab allows multiple JupyterLab "applications" to be
  created by the user with different combinations of extensions. The `--app-dir` can
  be used to set a directory for different applications. The default application
  path can be found using `jupyter lab path`.

Subcommands
-----------

Subcommands are launched as `jupyter-notebook cmd [args]`. For information on
using subcommand 'cmd', do: `jupyter-notebook cmd -h`.

build
clean
path
paths
workspace
workspaces

Options
-------

Arguments that take values are actually convenience aliases to full
Configurables, whose aliases are listed on the help line. For more information
on full configurables, see '--help-all'.

--debug
    set log level to logging.DEBUG (maximize logging output)
--generate-config
    generate default config file
-y
    Answer yes to any questions instead of prompting.
--no-browser
    Don't open the notebook in a browser after startup.
--pylab
    DISABLED: use %pylab or %matplotlib in the notebook to enable matplotlib.
--no-mathjax
    Disable MathJax
    
    MathJax is the javascript library Jupyter uses to render math/LaTeX. It is
    very large, so you may want to disable it if you have a slow internet
    connection, or for offline use of the notebook.
    
    When disabled, equations etc. will appear as their untransformed TeX source.
--allow-root
    Allow the notebook to be run from root user.
--script
    DEPRECATED, IGNORED
--no-script
    DEPRECATED, IGNORED
--core-mode
    Start the app in core mode.
--dev-mode
    Start the app in dev mode for running from source.
--watch
    Start the app in watch mode.
--log-level=<Enum> (Application.log_level)
    Default: 30
    Choices: (0, 10, 20, 30, 40, 50, 'DEBUG', 'INFO', 'WARN', 'ERROR', 'CRITICAL')
    Set the log level by value or name.
--config=<Unicode> (JupyterApp.config_file)
    Default: ''
    Full path of a config file.
--ip=<Unicode> (NotebookApp.ip)
    Default: 'localhost'
    The IP address the notebook server will listen on.
--port=<Int> (NotebookApp.port)
    Default: 8888
    The port the notebook server will listen on.
--port-retries=<Int> (NotebookApp.port_retries)
    Default: 50
    The number of additional ports to try if the specified port is not
    available.
--transport=<CaselessStrEnum> (KernelManager.transport)
    Default: 'tcp'
    Choices: ['tcp', 'ipc']
--keyfile=<Unicode> (NotebookApp.keyfile)
    Default: ''
    The full path to a private key file for usage with SSL/TLS.
--certfile=<Unicode> (NotebookApp.certfile)
    Default: ''
    The full path to an SSL/TLS certificate file.
--client-ca=<Unicode> (NotebookApp.client_ca)
    Default: ''
    The full path to a certificate authority certificate for SSL/TLS client
    authentication.
--notebook-dir=<Unicode> (NotebookApp.notebook_dir)
    Default: ''
    The directory to use for notebooks and kernels.
--browser=<Unicode> (NotebookApp.browser)
    Default: ''
    Specify what command to use to invoke a web browser when opening the
    notebook. If not specified, the default browser will be determined by the
    `webbrowser` standard library module, which allows setting of the BROWSER
    environment variable to override it.
--pylab=<Unicode> (NotebookApp.pylab)
    Default: 'disabled'
    DISABLED: use %pylab or %matplotlib in the notebook to enable matplotlib.
--gateway-url=<Unicode> (GatewayClient.url)
    Default: None
    The url of the Kernel or Enterprise Gateway server where kernel
    specifications are defined and kernel management takes place. If defined,
    this Notebook server acts as a proxy for all kernel management and kernel
    specification retrieval.  (JUPYTER_GATEWAY_URL env var)
--app-dir=<Unicode> (LabApp.app_dir)
    Default: '/root/anaconda3/share/jupyter/lab'
    The app directory to launch JupyterLab from.

To see all available configurables, use `--help-all`

Examples
--------

    jupyter lab                       # start JupyterLab
    jupyter lab --dev-mode            # start JupyterLab in development mode, with no extensions
    jupyter lab --core-mode           # start JupyterLab in core mode, with no extensions
    jupyter lab --app-dir=~/myjupyterlabapp # start JupyterLab with a particular set of extensions
    jupyter lab --certfile=mycert.pem # use SSL/TLS certificate

